<?xml version="1.0" encoding="UTF-8" ?>
<testsuite errors="0" failures="0" hostname="NOFFABEL-T580" name="umons.money.MoneyTest" skipped="0" tests="4" time="0.194" timestamp="2019-10-02T14:17:19">
  <properties>
    <property name="sun.desktop" value="windows" />
    <property name="ant.library.dir" value="C:\ProgramData\chocolatey\lib\ant\apache-ant-1.10.5\lib" />
    <property name="awt.toolkit" value="sun.awt.windows.WToolkit" />
    <property name="project.build.directory" value="target" />
    <property name="ant.file.type" value="file" />
    <property name="java.specification.version" value="12" />
    <property name="ant.project.name" value="money2" />
    <property name="sun.cpu.isalist" value="amd64" />
    <property name="sun.jnu.encoding" value="Cp1252" />
    <property name="maven.reporting.outputDirectory" value="target/site" />
    <property name="java.class.path" value="C:\Users\noffa\.m2\repository\junit\junit\4.12\junit-4.12.jar;C:\Users\noffa\.m2\repository\org\hamcrest\hamcrest-core\1.3\hamcrest-core-1.3.jar;E:\UMONS\TP\CI-CD\money2\target\classes;E:\UMONS\TP\CI-CD\money2\target\test-classes;C:\ProgramData\chocolatey\lib\ant\apache-ant-1.10.5\lib\ant-launcher.jar;C:\ProgramData\chocolatey\lib\ant\apache-ant-1.10.5\lib\ant.jar;C:\ProgramData\chocolatey\lib\ant\apache-ant-1.10.5\lib\ant-junit.jar;C:\ProgramData\chocolatey\lib\ant\apache-ant-1.10.5\lib\ant-junit4.jar" />
    <property name="java.vm.vendor" value="Oracle Corporation" />
    <property name="sun.arch.data.model" value="64" />
    <property name="user.variant" value="" />
    <property name="java.vendor.url" value="https://java.oracle.com/" />
    <property name="maven.build.outputDir" value="target/classes" />
    <property name="project.build.outputDirectory" value="target/classes" />
    <property name="maven.build.testResourceDir.0" value="src/test/resources" />
    <property name="os.name" value="Windows 10" />
    <property name="java.vm.specification.version" value="12" />
    <property name="ant.file.type.money2" value="file" />
    <property name="maven.build.resourceDir.0" value="src/main/resources" />
    <property name="sun.java.launcher" value="SUN_STANDARD" />
    <property name="user.country" value="FR" />
    <property name="sun.boot.library.path" value="C:\Program Files\Java\jdk-12.0.1\bin" />
    <property name="sun.java.command" value="org.apache.tools.ant.taskdefs.optional.junit.JUnitTestRunner umons.money.MoneyTest skipNonTests=false filtertrace=true haltOnError=true haltOnFailure=true formatter=org.apache.tools.ant.taskdefs.optional.junit.SummaryJUnitResultFormatter showoutput=false outputtoformatters=true logfailedtests=true threadid=0 logtestlistenerevents=false formatter=org.apache.tools.ant.taskdefs.optional.junit.XMLJUnitResultFormatter,E:\UMONS\TP\CI-CD\money2\target\test-reports\TEST-umons.money.MoneyTest.xml formatter=org.apache.tools.ant.taskdefs.optional.junit.PlainJUnitResultFormatter crashfile=E:\UMONS\TP\CI-CD\money2\junitvmwatcher8525156232366036061.properties propsfile=E:\UMONS\TP\CI-CD\money2\junit671187049476427591.properties" />
    <property name="jdk.debug" value="release" />
    <property name="sun.cpu.endian" value="little" />
    <property name="maven.compiler.source" value="1.8" />
    <property name="user.home" value="C:\Users\noffa" />
    <property name="user.language" value="fr" />
    <property name="ant.file.money2-from-maven" value="E:\UMONS\TP\CI-CD\money2\maven-build.xml" />
    <property name="java.specification.vendor" value="Oracle Corporation" />
    <property name="java.version.date" value="2019-04-16" />
    <property name="java.home" value="C:\Program Files\Java\jdk-12.0.1" />
    <property name="maven.build.testOutputDir" value="target/test-classes" />
    <property name="basedir" value="." />
    <property name="file.separator" value="\" />
    <property name="maven.build.srcDir.0" value="src/main/java" />
    <property name="java.vm.compressedOopsMode" value="Zero based" />
    <property name="line.separator" value="&#xd;&#xa;" />
    <property name="ant.java.version" value="12" />
    <property name="java.specification.name" value="Java Platform API Specification" />
    <property name="java.vm.specification.vendor" value="Oracle Corporation" />
    <property name="java.awt.graphicsenv" value="sun.awt.Win32GraphicsEnvironment" />
    <property name="maven.build.dir" value="target" />
    <property name="ant.file.money2" value="E:\UMONS\TP\CI-CD\money2\build.xml" />
    <property name="maven.build.testDir.0" value="src/test/java" />
    <property name="user.script" value="" />
    <property name="maven.build.finalName" value="money2-1.0-SNAPSHOT" />
    <property name="sun.management.compiler" value="HotSpot 64-Bit Tiered Compilers" />
    <property name="java.runtime.version" value="12.0.1+12" />
    <property name="user.name" value="noffa" />
    <property name="ant.file" value="E:\UMONS\TP\CI-CD\money2\build.xml" />
    <property name="path.separator" value=";" />
    <property name="maven.settings.interactiveMode" value="true" />
    <property name="os.version" value="10.0" />
    <property name="java.runtime.name" value="Java(TM) SE Runtime Environment" />
    <property name="file.encoding" value="Cp1252" />
    <property name="ant.project.invoked-targets" value="test" />
    <property name="project.build.sourceEncoding" value="UTF-8" />
    <property name="java.vm.name" value="Java HotSpot(TM) 64-Bit Server VM" />
    <property name="ant.core.lib" value="C:\ProgramData\chocolatey\lib\ant\apache-ant-1.10.5\lib\ant.jar" />
    <property name="java.vendor.url.bug" value="https://bugreport.java.com/bugreport/" />
    <property name="java.io.tmpdir" value="C:\Users\noffa\AppData\Local\Temp\" />
    <property name="java.version" value="12.0.1" />
    <property name="user.dir" value="E:\UMONS\TP\CI-CD\money2" />
    <property name="os.arch" value="amd64" />
    <property name="java.vm.specification.name" value="Java Virtual Machine Specification" />
    <property name="maven.test.reports" value="target/test-reports" />
    <property name="ant.home" value="C:\ProgramData\chocolatey\lib\ant\apache-ant-1.10.5" />
    <property name="maven.settings.offline" value="false" />
    <property name="sun.os.patch.level" value="" />
    <property name="junit.present" value="true" />
    <property name="maven.compiler.target" value="1.8" />
    <property name="ant.version" value="Apache Ant(TM) version 1.10.5 compiled on July 10 2018" />
    <property name="java.library.path" value="C:\Program Files\Java\jdk-12.0.1\bin;C:\WINDOWS\Sun\Java\bin;C:\WINDOWS\system32;C:\WINDOWS;C:\Users\noffa\bin;C:\Program Files\Git\mingw64\bin;C:\Program Files\Git\usr\local\bin;C:\Program Files\Git\usr\bin;C:\Program Files\Git\usr\bin;C:\Program Files\Git\mingw64\bin;C:\Program Files\Git\usr\bin;C:\Users\noffa\bin;C:\Program Files (x86)\Common Files\Oracle\Java\javapath;C:\Program Files\Java\jdk-12.0.1\bin;C:\Program Files\Java\jdk-12.0.1\lib;C:\maven\bin;C:\Jenkins;C:\Program Files\Java\jre1.8.0_221;C:\WINDOWS\system32;C:\WINDOWS;C:\WINDOWS\System32\Wbem;C:\WINDOWS\System32\WindowsPowerShell\v1.0;C:\WINDOWS\System32\OpenSSH;C:\Program Files (x86)\Intel\Intel(R) Management Engine Components\DAL;C:\Program Files\Intel\Intel(R) Management Engine Components\DAL;C:\Program Files\Git\cmd;C:\Program Files\nodejs;C:\Users\noffa\AppData\Local\Android\Sdk\platform-tools;C:\Users\noffa\AppData\Local\Android\Sdk\platforms;C:\Users\noffa\AppData\Local\Android\Sdk\tools;C:\Users\noffa\AppData\Local\Android\Sdk\tools\bin;C:\Users\noffa\AppData\Roaming\npm;C:\Program Files\R\R-3.6.0\bin\x64;C:\Python37\Scripts;C:\Python37\Lib;C:\Python37\libs;C:\ProgramData\chocolatey\bin;C:\Program Files\OpenVPN\bin;C:\Program Files\dotnet;C:\Program Files\Microsoft SQL Server\130\Tools\Binn;C:\Program Files\Microsoft SQL Server\Client SDK\ODBC\170\Tools\Binn;C:\Program Files (x86)\QuickTime\QTSystem;C:\Program Files\PuTTY;C:\Program Files\Intel\WiFi\bin;C:\Program Files\Common Files\Intel\WirelessCommon;C:\Program Files (x86)\Windows Live;C:\Users\noffa\AppData\Local\Microsoft\WindowsApps;C:\Users\noffa\AppData\Local\Programs\Microsoft VS Code\bin;C:\Users\noffa\AppData\Local\GitHubDesktop\bin;%USERPROFILE%\AppData\Local\Microsoft\WindowsApps;C:\Program Files\Git\usr\bin\vendor_perl;C:\Program Files\Git\usr\bin\core_perl;." />
    <property name="java.vm.info" value="mixed mode, sharing" />
    <property name="ant.file.type.money2-from-maven" value="file" />
    <property name="java.vendor" value="Oracle Corporation" />
    <property name="java.vm.version" value="12.0.1+12" />
    <property name="sun.io.unicode.encoding" value="UnicodeLittle" />
    <property name="maven.repo.local" value="C:\Users\noffa/.m2/repository" />
    <property name="java.class.version" value="56.0" />
    <property name="ant.project.default-target" value="package" />
  </properties>
  <testcase classname="umons.money.MoneyTest" name="testAdd_int_String" time="0.007" />
  <testcase classname="umons.money.MoneyTest" name="testAdd_Money" time="0.003" />
  <testcase classname="umons.money.MoneyTest" name="testAmount" time="0.0" />
  <testcase classname="umons.money.MoneyTest" name="testCurrency" time="0.0" />
  <system-out><![CDATA[add
add
amount
currency
]]></system-out>
  <system-err><![CDATA[]]></system-err>
</testsuite>
